<?xml version="1.0" encoding="UTF-8"?>
<testng-results ignored="0" total="1" passed="0" failed="0" skipped="1">
  <reporter-output>
  </reporter-output>
  <suite started-at="2023-11-11T10:50:14 IST" name="vtigercrm5suite" finished-at="2023-11-11T10:50:16 IST" duration-ms="2529">
    <groups>
      <group name="Regression">
        <method signature="MarketingAccountTestScripts.verifyVT003SearchAccount()[pri:1, instance:org.eva.vtigercrm5.marketingtestscripts.MarketingAccountTestScripts@1fa121e2]" name="verifyVT003SearchAccount" class="org.eva.vtigercrm5.marketingtestscripts.MarketingAccountTestScripts"/>
      </group> <!-- Regression -->
    </groups>
    <test started-at="2023-11-11T10:50:14 IST" name="Test" finished-at="2023-11-11T10:50:16 IST" duration-ms="2529">
      <class name="org.eva.vtigercrm5.marketingtestscripts.MarketingAccountTestScripts">
        <test-method is-config="true" signature="beforeSuite()[pri:0, instance:org.eva.vtigercrm5.marketingtestscripts.MarketingAccountTestScripts@1fa121e2]" started-at="2023-11-11T10:50:13 IST" name="beforeSuite" finished-at="2023-11-11T10:50:14 IST" duration-ms="385" status="PASS">
          <reporter-output>
          </reporter-output>
        </test-method> <!-- beforeSuite -->
        <test-method is-config="true" signature="beforeTest()[pri:0, instance:org.eva.vtigercrm5.marketingtestscripts.MarketingAccountTestScripts@1fa121e2]" started-at="2023-11-11T10:50:14 IST" name="beforeTest" finished-at="2023-11-11T10:50:14 IST" duration-ms="2" status="PASS">
          <reporter-output>
          </reporter-output>
        </test-method> <!-- beforeTest -->
        <test-method is-config="true" signature="beforeTestCases(java.lang.String)[pri:0, instance:org.eva.vtigercrm5.marketingtestscripts.MarketingAccountTestScripts@1fa121e2]" started-at="2023-11-11T10:50:14 IST" name="beforeTestCases" finished-at="2023-11-11T10:50:16 IST" duration-ms="2358" status="FAIL">
          <params>
            <param index="0">
              <value>
                <![CDATA[chrome]]>
              </value>
            </param>
          </params>
          <exception class="java.lang.NullPointerException">
            <message>
              <![CDATA[Cannot invoke "com.aventstack.extentreports.ExtentTest.log(com.aventstack.extentreports.Status, String)" because "this.extTest" is null]]>
            </message>
            <full-stacktrace>
              <![CDATA[java.lang.NullPointerException: Cannot invoke "com.aventstack.extentreports.ExtentTest.log(com.aventstack.extentreports.Status, String)" because "this.extTest" is null
at org.eva.vtigercrm5.utils.WebUtil.statusAndResult(WebUtil.java:159)
at org.eva.vtigercrm5.utils.WebUtil.windowMaximize(WebUtil.java:536)
at org.eva.vtigercrm5.utils.WebUtil.launchBrowser(WebUtil.java:518)
at org.eva.vtigercrm5.core.BaseTest.beforeTestCases(BaseTest.java:59)
at java.base/jdk.internal.reflect.DirectMethodHandleAccessor.invoke(DirectMethodHandleAccessor.java:104)
at java.base/java.lang.reflect.Method.invoke(Method.java:578)
at org.testng.internal.invokers.MethodInvocationHelper.invokeMethod(MethodInvocationHelper.java:139)
at org.testng.internal.invokers.MethodInvocationHelper.invokeMethodConsideringTimeout(MethodInvocationHelper.java:69)
at org.testng.internal.invokers.ConfigInvoker.invokeConfigurationMethod(ConfigInvoker.java:390)
at org.testng.internal.invokers.ConfigInvoker.invokeConfigurations(ConfigInvoker.java:325)
at org.testng.internal.invokers.TestMethodWorker.invokeBeforeClassMethods(TestMethodWorker.java:180)
at org.testng.internal.invokers.TestMethodWorker.run(TestMethodWorker.java:122)
at java.base/java.util.ArrayList.forEach(ArrayList.java:1511)
at org.testng.TestRunner.privateRun(TestRunner.java:848)
at org.testng.TestRunner.run(TestRunner.java:621)
at org.testng.SuiteRunner.runTest(SuiteRunner.java:443)
at org.testng.SuiteRunner.runSequentially(SuiteRunner.java:437)
at org.testng.SuiteRunner.privateRun(SuiteRunner.java:397)
at org.testng.SuiteRunner.run(SuiteRunner.java:336)
at org.testng.SuiteRunnerWorker.runSuite(SuiteRunnerWorker.java:52)
at org.testng.SuiteRunnerWorker.run(SuiteRunnerWorker.java:95)
at org.testng.TestNG.runSuitesSequentially(TestNG.java:1280)
at org.testng.TestNG.runSuitesLocally(TestNG.java:1200)
at org.testng.TestNG.runSuites(TestNG.java:1114)
at org.testng.TestNG.run(TestNG.java:1082)
at org.testng.remote.AbstractRemoteTestNG.run(AbstractRemoteTestNG.java:115)
at org.testng.remote.RemoteTestNG.initAndRun(RemoteTestNG.java:251)
at org.testng.remote.RemoteTestNG.main(RemoteTestNG.java:77)
]]>
            </full-stacktrace>
          </exception> <!-- java.lang.NullPointerException -->
          <reporter-output>
          </reporter-output>
        </test-method> <!-- beforeTestCases -->
        <test-method is-config="true" signature="beforeMethod(java.lang.String,java.lang.String,java.lang.reflect.Method)[pri:0, instance:org.eva.vtigercrm5.marketingtestscripts.MarketingAccountTestScripts@1fa121e2]" started-at="2023-11-11T10:50:16 IST" name="beforeMethod" finished-at="2023-11-11T10:50:16 IST" duration-ms="0" status="SKIP">
          <reporter-output>
          </reporter-output>
        </test-method> <!-- beforeMethod -->
        <test-method signature="verifyVT003SearchAccount()[pri:1, instance:org.eva.vtigercrm5.marketingtestscripts.MarketingAccountTestScripts@1fa121e2]" started-at="2023-11-11T10:50:16 IST" name="verifyVT003SearchAccount" finished-at="2023-11-11T10:50:16 IST" duration-ms="0" status="SKIP">
          <exception class="java.lang.NullPointerException">
            <message>
              <![CDATA[Cannot invoke "com.aventstack.extentreports.ExtentTest.log(com.aventstack.extentreports.Status, String)" because "this.extTest" is null]]>
            </message>
            <full-stacktrace>
              <![CDATA[java.lang.NullPointerException: Cannot invoke "com.aventstack.extentreports.ExtentTest.log(com.aventstack.extentreports.Status, String)" because "this.extTest" is null
at org.eva.vtigercrm5.utils.WebUtil.statusAndResult(WebUtil.java:159)
at org.eva.vtigercrm5.utils.WebUtil.windowMaximize(WebUtil.java:536)
at org.eva.vtigercrm5.utils.WebUtil.launchBrowser(WebUtil.java:518)
at org.eva.vtigercrm5.core.BaseTest.beforeTestCases(BaseTest.java:59)
at java.base/jdk.internal.reflect.DirectMethodHandleAccessor.invoke(DirectMethodHandleAccessor.java:104)
at java.base/java.lang.reflect.Method.invoke(Method.java:578)
at org.testng.internal.invokers.MethodInvocationHelper.invokeMethod(MethodInvocationHelper.java:139)
at org.testng.internal.invokers.MethodInvocationHelper.invokeMethodConsideringTimeout(MethodInvocationHelper.java:69)
at org.testng.internal.invokers.ConfigInvoker.invokeConfigurationMethod(ConfigInvoker.java:390)
at org.testng.internal.invokers.ConfigInvoker.invokeConfigurations(ConfigInvoker.java:325)
at org.testng.internal.invokers.TestMethodWorker.invokeBeforeClassMethods(TestMethodWorker.java:180)
at org.testng.internal.invokers.TestMethodWorker.run(TestMethodWorker.java:122)
at java.base/java.util.ArrayList.forEach(ArrayList.java:1511)
at org.testng.TestRunner.privateRun(TestRunner.java:848)
at org.testng.TestRunner.run(TestRunner.java:621)
at org.testng.SuiteRunner.runTest(SuiteRunner.java:443)
at org.testng.SuiteRunner.runSequentially(SuiteRunner.java:437)
at org.testng.SuiteRunner.privateRun(SuiteRunner.java:397)
at org.testng.SuiteRunner.run(SuiteRunner.java:336)
at org.testng.SuiteRunnerWorker.runSuite(SuiteRunnerWorker.java:52)
at org.testng.SuiteRunnerWorker.run(SuiteRunnerWorker.java:95)
at org.testng.TestNG.runSuitesSequentially(TestNG.java:1280)
at org.testng.TestNG.runSuitesLocally(TestNG.java:1200)
at org.testng.TestNG.runSuites(TestNG.java:1114)
at org.testng.TestNG.run(TestNG.java:1082)
at org.testng.remote.AbstractRemoteTestNG.run(AbstractRemoteTestNG.java:115)
at org.testng.remote.RemoteTestNG.initAndRun(RemoteTestNG.java:251)
at org.testng.remote.RemoteTestNG.main(RemoteTestNG.java:77)
]]>
            </full-stacktrace>
          </exception> <!-- java.lang.NullPointerException -->
          <reporter-output>
          </reporter-output>
        </test-method> <!-- verifyVT003SearchAccount -->
        <test-method is-config="true" signature="afterMethod(org.testng.ITestResult,java.lang.reflect.Method)[pri:0, instance:org.eva.vtigercrm5.marketingtestscripts.MarketingAccountTestScripts@1fa121e2]" started-at="2023-11-11T10:50:16 IST" name="afterMethod" finished-at="2023-11-11T10:50:16 IST" duration-ms="0" status="SKIP">
          <reporter-output>
          </reporter-output>
        </test-method> <!-- afterMethod -->
        <test-method is-config="true" signature="afterClass()[pri:0, instance:org.eva.vtigercrm5.marketingtestscripts.MarketingAccountTestScripts@1fa121e2]" started-at="2023-11-11T10:50:16 IST" name="afterClass" finished-at="2023-11-11T10:50:16 IST" duration-ms="0" status="SKIP">
          <reporter-output>
          </reporter-output>
        </test-method> <!-- afterClass -->
        <test-method is-config="true" signature="afterTest()[pri:0, instance:org.eva.vtigercrm5.marketingtestscripts.MarketingAccountTestScripts@1fa121e2]" started-at="2023-11-11T10:50:16 IST" name="afterTest" finished-at="2023-11-11T10:50:16 IST" duration-ms="10" status="PASS">
          <reporter-output>
          </reporter-output>
        </test-method> <!-- afterTest -->
        <test-method is-config="true" signature="afterSuite()[pri:0, instance:org.eva.vtigercrm5.marketingtestscripts.MarketingAccountTestScripts@1fa121e2]" started-at="2023-11-11T10:50:16 IST" name="afterSuite" finished-at="2023-11-11T10:50:17 IST" duration-ms="383" status="PASS">
          <reporter-output>
          </reporter-output>
        </test-method> <!-- afterSuite -->
      </class> <!-- org.eva.vtigercrm5.marketingtestscripts.MarketingAccountTestScripts -->
    </test> <!-- Test -->
  </suite> <!-- vtigercrm5suite -->
</testng-results>
